<?xml version="1.0" encoding="UTF-8"?>
<!-- Generated by org.testng.reporters.JUnitXMLReporter -->
<testsuite ignored="0" hostname="DESKTOP-RCFES7K" failures="0" tests="3" name="Default test" time="34.078" errors="0" timestamp="27 Dec 2021 05:08:16 GMT">
  <testcase classname="webDriver.Topic_12_javascript_Executor" name="TC_01_Live_Guru" time="19.198"/>
  <testcase classname="webDriver.Topic_12_javascript_Executor" name="TC_02_demo_Guru" time="11.637"/>
  <testcase classname="webDriver.Topic_12_javascript_Executor" name="TC_03_" time="0.001"/>
</testsuite> <!-- Default test -->
