<?xml version="1.0" encoding="UTF-8"?>
<testng-results ignored="0" total="1" passed="1" failed="0" skipped="0">
  <reporter-output>
  </reporter-output>
  <suite started-at="2021-12-29T12:04:31Z" name="Default suite" finished-at="2021-12-29T12:04:47Z" duration-ms="16033">
    <groups>
    </groups>
    <test started-at="2021-12-29T12:04:31Z" name="Default test" finished-at="2021-12-29T12:04:47Z" duration-ms="16033">
      <class name="webDriver.Topic_14_WebDriver_Wait_Part_5_Fluent">
        <test-method is-config="true" signature="beforeClass()[pri:0, instance:webDriver.Topic_14_WebDriver_Wait_Part_5_Fluent@4d1c00d0]" started-at="2021-12-29T12:04:31Z" name="beforeClass" finished-at="2021-12-29T12:04:33Z" duration-ms="2343" status="PASS">
          <reporter-output>
          </reporter-output>
        </test-method> <!-- beforeClass -->
        <test-method signature="TC_02_()[pri:0, instance:webDriver.Topic_14_WebDriver_Wait_Part_5_Fluent@4d1c00d0]" started-at="2021-12-29T12:04:33Z" name="TC_02_" finished-at="2021-12-29T12:04:46Z" duration-ms="12999" status="PASS">
          <reporter-output>
          </reporter-output>
        </test-method> <!-- TC_02_ -->
        <test-method is-config="true" signature="afterClass()[pri:0, instance:webDriver.Topic_14_WebDriver_Wait_Part_5_Fluent@4d1c00d0]" started-at="2021-12-29T12:04:46Z" name="afterClass" finished-at="2021-12-29T12:04:47Z" duration-ms="671" status="PASS">
          <reporter-output>
          </reporter-output>
        </test-method> <!-- afterClass -->
      </class> <!-- webDriver.Topic_14_WebDriver_Wait_Part_5_Fluent -->
    </test> <!-- Default test -->
  </suite> <!-- Default suite -->
</testng-results>
