<?xml version="1.0" encoding="UTF-8"?>
<testng-results ignored="0" total="3" passed="3" failed="0" skipped="0">
  <reporter-output>
  </reporter-output>
  <suite started-at="2021-12-27T05:07:42Z" name="Default suite" finished-at="2021-12-27T05:08:16Z" duration-ms="34078">
    <groups>
    </groups>
    <test started-at="2021-12-27T05:07:42Z" name="Default test" finished-at="2021-12-27T05:08:16Z" duration-ms="34078">
      <class name="webDriver.Topic_12_javascript_Executor">
        <test-method is-config="true" signature="beforeClass()[pri:0, instance:webDriver.Topic_12_javascript_Executor@247bddad]" started-at="2021-12-27T05:07:42Z" name="beforeClass" finished-at="2021-12-27T05:07:45Z" duration-ms="2430" status="PASS">
          <reporter-output>
          </reporter-output>
        </test-method> <!-- beforeClass -->
        <test-method signature="TC_01_Live_Guru()[pri:0, instance:webDriver.Topic_12_javascript_Executor@247bddad]" started-at="2021-12-27T05:07:45Z" name="TC_01_Live_Guru" finished-at="2021-12-27T05:08:04Z" duration-ms="19198" status="PASS">
          <reporter-output>
          </reporter-output>
        </test-method> <!-- TC_01_Live_Guru -->
        <test-method signature="TC_02_demo_Guru()[pri:0, instance:webDriver.Topic_12_javascript_Executor@247bddad]" started-at="2021-12-27T05:08:04Z" name="TC_02_demo_Guru" finished-at="2021-12-27T05:08:15Z" duration-ms="11637" status="PASS">
          <reporter-output>
          </reporter-output>
        </test-method> <!-- TC_02_demo_Guru -->
        <test-method signature="TC_03_()[pri:0, instance:webDriver.Topic_12_javascript_Executor@247bddad]" started-at="2021-12-27T05:08:15Z" name="TC_03_" finished-at="2021-12-27T05:08:15Z" duration-ms="1" status="PASS">
          <reporter-output>
          </reporter-output>
        </test-method> <!-- TC_03_ -->
        <test-method is-config="true" signature="afterClass()[pri:0, instance:webDriver.Topic_12_javascript_Executor@247bddad]" started-at="2021-12-27T05:08:15Z" name="afterClass" finished-at="2021-12-27T05:08:16Z" duration-ms="791" status="PASS">
          <reporter-output>
          </reporter-output>
        </test-method> <!-- afterClass -->
      </class> <!-- webDriver.Topic_12_javascript_Executor -->
    </test> <!-- Default test -->
  </suite> <!-- Default suite -->
</testng-results>
